<?xml version="1.0" encoding="UTF-8"?>
<!-- Generated by org.testng.reporters.JUnitXMLReporter -->
<testsuite ignored="0" hostname="DESKTOP-QVM6J4J" failures="1" tests="1" name="Test" time="7.16" errors="0" timestamp="2024-02-24T08:56:22 IST">
  <testcase classname="com.LoginTest.VerifyLoginTest" name="TC01_VerifyFBLogin_withValidCredentials" time="2.084">
    <failure type="java.lang.AssertionError" message="expected [Welcome To FaceBook HomePage] but found [Log in to Facebook]">
      <![CDATA[java.lang.AssertionError: expected [Welcome To FaceBook HomePage] but found [Log in to Facebook]
at com.LoginTest.VerifyLoginTest.TC01_VerifyFBLogin_withValidCredentials(VerifyLoginTest.java:33)
at java.base/java.util.ArrayList.forEach(ArrayList.java:1540)
... Removed 33 stack frames]]>
    </failure>
  </testcase> <!-- TC01_VerifyFBLogin_withValidCredentials -->
</testsuite> <!-- Test -->
