<?xml version="1.0" encoding="UTF-8"?>
<!-- Generated by org.testng.reporters.JUnitXMLReporter -->
<testsuite ignored="0" hostname="DESKTOP-QVM6J4J" failures="1" tests="2" name="TestChrome" time="31.714" errors="0" timestamp="2024-02-24T09:31:27 IST">
  <testcase classname="com.LoginTest.VerifyLoginTest" name="TC01_VerifyFBLogin_withValidCredentials" time="10.537"/>
  <testcase classname="com.LoginTest.VerifyLoginTest" name="TC02_VerifyFBLogin_withValidCredentials" time="11.407">
    <failure type="java.lang.AssertionError" message="expected [Welcome To FaceBook HomePage] but found [Log in to Facebook]">
      <![CDATA[java.lang.AssertionError: expected [Welcome To FaceBook HomePage] but found [Log in to Facebook]
at com.LoginTest.VerifyLoginTest.TC02_VerifyFBLogin_withValidCredentials(VerifyLoginTest.java:56)
at java.base/java.util.ArrayList.forEach(ArrayList.java:1540)
... Removed 33 stack frames]]>
    </failure>
  </testcase> <!-- TC02_VerifyFBLogin_withValidCredentials -->
</testsuite> <!-- TestChrome -->
